<?xml version="1.0" encoding="UTF-8"?>
<testsuite xmlns:xsi="http://www.w3.org/2001/XMLSchema-instance" xsi:noNamespaceSchemaLocation="https://maven.apache.org/surefire/maven-surefire-plugin/xsd/surefire-test-report.xsd" version="3.0.2" name="com.snakegame.snakegame.SnakegameApplicationTests" time="1.569" tests="1" errors="0" skipped="0" failures="0">
  <properties>
[...]
</properties>
  <testcase name="contextLoads" classname="com.snakegame.snakegame.SnakegameApplicationTests" time="0.586">
    <system-out><![CDATA[00:29:42.707 [main] INFO org.springframework.test.context.support.AnnotationConfigContextLoaderUtils -- Could not detect default configuration classes for test class [com.snakegame.snakegame.SnakegameApplicationTests]: SnakegameApplicationTests does not declare any static, non-private, non-final, nested classes annotated with @Configuration.
00:29:42.754 [main] INFO org.springframework.boot.test.context.SpringBootTestContextBootstrapper -- Found @SpringBootConfiguration com.snakegame.snakegame.SnakegameApplication for test class com.snakegame.snakegame.SnakegameApplicationTests

  .   ____          _            __ _ _
 /\\ / ___'_ __ _ _(_)_ __  __ _ \ \ \ \
( ( )\___ | '_ | '_| | '_ \/ _` | \ \ \ \
 \\/  ___)| |_)| | | | | || (_| |  ) ) ) )
  '  |____| .__|_| |_|_| |_\__, | / / / /
 =========|_|==============|___/=/_/_/_/

 :: Spring Boot ::                (v3.4.3)

2025-02-27T00:29:42.902-08:00  INFO 66896 --- [snakegame] [           main] c.s.snakegame.SnakegameApplicationTests  : Starting SnakegameApplicationTests using Java 21.0.6 with PID 66896 (started by michael in /Users/michael/Projects/snakegame)
2025-02-27T00:29:42.903-08:00  INFO 66896 --- [snakegame] [           main] c.s.snakegame.SnakegameApplicationTests  : No active profile set, falling back to 1 default profile: "default"
2025-02-27T00:29:43.380-08:00  INFO 66896 --- [snakegame] [           main] o.s.b.a.w.s.WelcomePageHandlerMapping    : Adding welcome page: class path resource [static/index.html]
2025-02-27T00:29:43.553-08:00  INFO 66896 --- [snakegame] [           main] o.s.b.a.e.web.EndpointLinksResolver      : Exposing 1 endpoint beneath base path '/actuator'
2025-02-27T00:29:43.580-08:00  INFO 66896 --- [snakegame] [           main] c.s.snakegame.SnakegameApplicationTests  : Started SnakegameApplicationTests in 0.776 seconds (process running for 1.144)
]]></system-out>
    <system-err><![CDATA[Mockito is currently self-attaching to enable the inline-mock-maker. This will no longer work in future releases of the JDK. Please add Mockito as an agent to your build what is described in Mockito's documentation: https://javadoc.io/doc/org.mockito/mockito-core/latest/org/mockito/Mockito.html#0.3
WARNING: A Java agent has been loaded dynamically (/Users/michael/.m2/repository/net/bytebuddy/byte-buddy-agent/1.15.11/byte-buddy-agent-1.15.11.jar)
WARNING: If a serviceability tool is in use, please run with -XX:+EnableDynamicAgentLoading to hide this warning
WARNING: If a serviceability tool is not in use, please run with -Djdk.instrument.traceUsage for more information
WARNING: Dynamic loading of agents will be disallowed by default in a future release
]]></system-err>
  </testcase>
</testsuite>